CRITICAL - 2023-08-03 15:57:06 --> Use of undefined constant helper - assumed 'helper' (this will throw an Error in a future version of PHP)
in APPPATH\Controllers\Home.php on line 10.
 1 APPPATH\Controllers\Home.php(10): CodeIgniter\Debug\Exceptions->errorHandler()
 2 SYSTEMPATH\CodeIgniter.php(904): App\Controllers\Home->__construct()
 3 SYSTEMPATH\CodeIgniter.php(488): CodeIgniter\CodeIgniter->createController()
 4 SYSTEMPATH\CodeIgniter.php(366): CodeIgniter\CodeIgniter->handleRequest()
 5 FCPATH\index.php(67): CodeIgniter\CodeIgniter->run()
 6 SYSTEMPATH\Commands\Server\rewrite.php(47): require_once('E:\\Programs-2\\Ampps\\www\\ci\\contacts-app\\public\\index.php')
CRITICAL - 2023-08-03 15:59:16 --> Undefined variable: page_title
in APPPATH\Views\inc\header.php on line 10.
 1 APPPATH\Views\inc\header.php(10): CodeIgniter\Debug\Exceptions->errorHandler()
 2 SYSTEMPATH\View\View.php(224): include('E:\\Programs-2\\Ampps\\www\\ci\\contacts-app\\app\\Views\\inc\\header.php')
 3 SYSTEMPATH\View\View.php(227): CodeIgniter\View\View->CodeIgniter\View\{closure}()
 4 SYSTEMPATH\Common.php(1176): CodeIgniter\View\View->render()
 5 APPPATH\Controllers\Home.php(16): view()
 6 SYSTEMPATH\CodeIgniter.php(932): App\Controllers\Home->index()
 7 SYSTEMPATH\CodeIgniter.php(497): CodeIgniter\CodeIgniter->runController()
 8 SYSTEMPATH\CodeIgniter.php(366): CodeIgniter\CodeIgniter->handleRequest()
 9 FCPATH\index.php(67): CodeIgniter\CodeIgniter->run()
10 SYSTEMPATH\Commands\Server\rewrite.php(47): require_once('E:\\Programs-2\\Ampps\\www\\ci\\contacts-app\\public\\index.php')
